<component name="libraryTable">
  <library name="junit:junit:4.12">
    <CLASSES>
      <root url="jar://$PROJECT_DIR$/master/working/lib/junit-4.12.jar!/" />
      <root url="jar://$PROJECT_DIR$/master/working/lib/hamcrest-core-1.3.jar!/" />
    </CLASSES>
    <JAVADOC />
    <SOURCES>
      <root url="jar://$PROJECT_DIR$/master/working/lib/junit-4.12-sources.jar!/" />
    </SOURCES>
  </library>
</component>